<?xml version="1.0" encoding="UTF-8"?>
<!-- Generated by org.testng.reporters.JUnitReportReporter -->
<testsuite hostname="AdarshEM-PC" name="com.qm.tests.DemoTest" tests="1" failures="0" timestamp="1 Feb 2016 14:15:32 GMT" time="23.447" errors="0">
  <testcase name="test_b_DeleteNoteByTapAndHold" time="23.447" classname="com.qm.tests.DemoTest"/>
</testsuite> <!-- com.qm.tests.DemoTest -->
