<?xml version="1.0" encoding="UTF-8"?>
<!-- Generated by org.testng.reporters.JUnitReportReporter -->
<testsuite hostname="AdarshEM-PC" name="com.qm.test.mynotes.NewNoteCreationDeletionTest" tests="2" failures="0" timestamp="2 Feb 2016 03:20:16 GMT" time="47.619" errors="0">
  <testcase name="test_b_DeleteNoteByTapAndHold" time="12.161" classname="com.qm.test.mynotes.NewNoteCreationDeletionTest"/>
  <testcase name="test_a_NoteCreationTest" time="35.458" classname="com.qm.test.mynotes.NewNoteCreationDeletionTest"/>
</testsuite> <!-- com.qm.test.mynotes.NewNoteCreationDeletionTest -->
