<?xml version="1.0" encoding="UTF-8"?>
<!-- Generated by org.testng.reporters.JUnitReportReporter -->
<testsuite hostname="AdarshEM-PC" name="com.qm.test.articles.ArticleListingViewTest" tests="3" failures="0" timestamp="2 Feb 2016 03:20:16 GMT" time="2.489" errors="0">
  <testcase name="test_c_ArticleDateTestWithNoPostDate" time="0.160" classname="com.qm.test.articles.ArticleListingViewTest"/>
  <testcase name="test_b_ArticleDateTestWithValidPostDate" time="0.423" classname="com.qm.test.articles.ArticleListingViewTest"/>
  <testcase name="test_a_ArticleTitleTest" time="1.906" classname="com.qm.test.articles.ArticleListingViewTest"/>
</testsuite> <!-- com.qm.test.articles.ArticleListingViewTest -->
